<?xml version="1.0" encoding="UTF-8"?>
<!-- Generated by org.testng.reporters.JUnitXMLReporter -->
<testsuite ignored="0" hostname="USER" failures="0" tests="6" name="Default test" time="252.455" errors="0" timestamp="2023-06-19T18:46:09 IST">
  <testcase classname="com.trello.Project.endtoend.TrelloBoard" name="LoginInToTrello" time="42.037"/>
  <testcase classname="com.trello.Project.endtoend.TrelloBoard" name="TrelloCreateAndDeleteBoard" time="51.703"/>
  <testcase classname="com.trello.Project.endtoend.TrelloBoard" name="TrelloCreateListAndSwapInCreatedBoard" time="53.04"/>
  <testcase classname="com.trello.Project.endtoend.TrelloBoard" name="TrelloCreateMultipleListAndSwapInCreatedBoard" time="42.555"/>
  <testcase classname="com.trello.Project.endtoend.TrelloBoard" name="TrelloHomePageCheck" time="0.026"/>
  <testcase classname="com.trello.Project.endtoend.TrelloBoard" name="TrelloHomePagelogin" time="4.814"/>
</testsuite> <!-- Default test -->
