<?xml version="1.0" encoding="UTF-8"?>
<testng-results ignored="0" total="6" passed="6" failed="0" skipped="0">
  <reporter-output>
    <line>
      <![CDATA[Title = Manage Your Team’s Projects From Anywhere | Trello]]>
    </line>
    <line>
      <![CDATA[Title = Log in to Trello]]>
    </line>
    <line>
      <![CDATA[URL = https://trello.com/login]]>
    </line>
    <line>
      <![CDATA[Title = Log in to continue - Log in with Atlassian account]]>
    </line>
    <line>
      <![CDATA[URL https://id.atlassian.com/login?application=trello&continue=https%3A%2F%2Ftrello.com%2Fauth%2Fatlassian%2Fcallback%3FreturnUrl%3D%252F%26display%3DeyJ2ZXJpZmljYXRpb25TdHJhdGVneSI6InNvZnQifQ%253D%253D%26aaOnboarding%3D%26updateEmail%3D%26traceId%3D6490543351b4aaedf99f2eb5d24c82e7%26ssoVerified%3D&display=eyJ2ZXJpZmljYXRpb25TdHJhdGVneSI6InNvZnQifQ%3D%3D&email=lohith.n1997%40gmail.com&errorCode&login_hint=lohith.n1997%40gmail.com&restrict=true]]>
    </line>
    <line>
      <![CDATA[Title = Boards | Trello]]>
    </line>
    <line>
      <![CDATA[URL https://trello.com/u/lohithn1997/boards]]>
    </line>
    <line>
      <![CDATA[LOGOUT IS ENABLE]]>
    </line>
    <line>
      <![CDATA[Title = Log out of your Atlassian account - Log in with Atlassian account]]>
    </line>
    <line>
      <![CDATA[URL https://id.atlassian.com/logout?continue=https%3A%2F%2Ftrello.com%2Flogout%3Fdsc%3Df4e7d78ed5245859ba18017574c4d07c624723bf12f48af2e41e3df7c3e5c92c]]>
    </line>
    <line>
      <![CDATA[Title = Manage Your Team’s Projects From Anywhere | Trello]]>
    </line>
    <line>
      <![CDATA[URL = https://trello.com/home]]>
    </line>
    <line>
      <![CDATA[Title = Manage Your Team’s Projects From Anywhere | Trello]]>
    </line>
    <line>
      <![CDATA[Title = Log in to Trello]]>
    </line>
    <line>
      <![CDATA[URL = https://trello.com/login]]>
    </line>
    <line>
      <![CDATA[Title = Log in to continue - Log in with Atlassian account]]>
    </line>
    <line>
      <![CDATA[URL = https://id.atlassian.com/login?application=trello&continue=https%3A%2F%2Ftrello.com%2Fauth%2Fatlassian%2Fcallback%3FreturnUrl%3D%252F%26display%3DeyJ2ZXJpZmljYXRpb25TdHJhdGVneSI6InNvZnQifQ%253D%253D%26aaOnboarding%3D%26updateEmail%3D%26traceId%3D64905466d8dd4af72c940d16936e39d3%26ssoVerified%3D&display=eyJ2ZXJpZmljYXRpb25TdHJhdGVneSI6InNvZnQifQ%3D%3D&email=lohith.n1997%40gmail.com&errorCode&login_hint=lohith.n1997%40gmail.com&restrict=true]]>
    </line>
    <line>
      <![CDATA[Title = Boards | Trello]]>
    </line>
    <line>
      <![CDATA[URL = https://trello.com/u/lohithn1997/boards]]>
    </line>
    <line>
      <![CDATA[LOGOUT IS ENABLE]]>
    </line>
    <line>
      <![CDATA[Create Board Button is Vissibale]]>
    </line>
    <line>
      <![CDATA[Title = lohith.N | Trello]]>
    </line>
    <line>
      <![CDATA[URL = https://trello.com/b/GwjQGUXm/lohithn]]>
    </line>
    <line>
      <![CDATA[Title = Log out of your Atlassian account - Log in with Atlassian account]]>
    </line>
    <line>
      <![CDATA[URL = https://id.atlassian.com/logout?continue=https%3A%2F%2Ftrello.com%2Flogout%3Fdsc%3D95c3f92a15a1b97d6c7ffffcfd1cf997c183eca9d3f8a6f5768d79677384e6f7]]>
    </line>
    <line>
      <![CDATA[Title = Manage Your Team’s Projects From Anywhere | Trello]]>
    </line>
    <line>
      <![CDATA[URL = https://trello.com/home]]>
    </line>
    <line>
      <![CDATA[Title = Manage Your Team’s Projects From Anywhere | Trello]]>
    </line>
    <line>
      <![CDATA[Title = Log in to Trello]]>
    </line>
    <line>
      <![CDATA[URL = https://trello.com/login]]>
    </line>
    <line>
      <![CDATA[Title = Log in to continue - Log in with Atlassian account]]>
    </line>
    <line>
      <![CDATA[URL = https://id.atlassian.com/login?application=trello&continue=https%3A%2F%2Ftrello.com%2Fauth%2Fatlassian%2Fcallback%3FreturnUrl%3D%252F%26display%3DeyJ2ZXJpZmljYXRpb25TdHJhdGVneSI6InNvZnQifQ%253D%253D%26aaOnboarding%3D%26updateEmail%3D%26traceId%3D649054a1b8b256871d4fcbcdda1b13cc%26ssoVerified%3D&display=eyJ2ZXJpZmljYXRpb25TdHJhdGVneSI6InNvZnQifQ%3D%3D&email=lohith.n1997%40gmail.com&errorCode&login_hint=lohith.n1997%40gmail.com&restrict=true]]>
    </line>
    <line>
      <![CDATA[Title = Boards | Trello]]>
    </line>
    <line>
      <![CDATA[URL = https://trello.com/u/lohithn1997/boards]]>
    </line>
    <line>
      <![CDATA[LOGOUT IS ENABLE]]>
    </line>
    <line>
      <![CDATA[Create Board Button is Vissibale]]>
    </line>
    <line>
      <![CDATA[Title = Boards | Trello]]>
    </line>
    <line>
      <![CDATA[URL = https://trello.com/u/lohithn1997/boards]]>
    </line>
    <line>
      <![CDATA[Title = lohith.N | Trello]]>
    </line>
    <line>
      <![CDATA[Title = Log out of your Atlassian account - Log in with Atlassian account]]>
    </line>
    <line>
      <![CDATA[URL = https://id.atlassian.com/logout?continue=https%3A%2F%2Ftrello.com%2Flogout%3Fdsc%3Dcc1e7be2b3bb506d4eab30d48853ff2e7c4b68b8a73dc9d228864a1e186acaed]]>
    </line>
    <line>
      <![CDATA[Title = Manage Your Team’s Projects From Anywhere | Trello]]>
    </line>
    <line>
      <![CDATA[URL = https://trello.com/home]]>
    </line>
    <line>
      <![CDATA[Title = Log in to Trello]]>
    </line>
    <line>
      <![CDATA[URL = https://trello.com/login]]>
    </line>
    <line>
      <![CDATA[Title = Log in to continue - Log in with Atlassian account]]>
    </line>
    <line>
      <![CDATA[URL = https://id.atlassian.com/login?application=trello&continue=https%3A%2F%2Ftrello.com%2Fauth%2Fatlassian%2Fcallback%3FreturnUrl%3D%252F%26display%3DeyJ2ZXJpZmljYXRpb25TdHJhdGVneSI6InNvZnQifQ%253D%253D%26aaOnboarding%3D%26updateEmail%3D%26traceId%3D649054dd5f52823c38cc7291587ce7d3%26ssoVerified%3D&display=eyJ2ZXJpZmljYXRpb25TdHJhdGVneSI6InNvZnQifQ%3D%3D&email=lohith.n1997%40gmail.com&errorCode&login_hint=lohith.n1997%40gmail.com&restrict=true]]>
    </line>
    <line>
      <![CDATA[Title = Boards | Trello]]>
    </line>
    <line>
      <![CDATA[URL = https://trello.com/u/lohithn1997/boards]]>
    </line>
    <line>
      <![CDATA[LOGOUT IS ENABLE]]>
    </line>
    <line>
      <![CDATA[Create Board Button is Vissibale]]>
    </line>
    <line>
      <![CDATA[Title = Boards | Trello]]>
    </line>
    <line>
      <![CDATA[URL = https://trello.com/u/lohithn1997/boards]]>
    </line>
    <line>
      <![CDATA[Title = lohith.N | Trello]]>
    </line>
    <line>
      <![CDATA[Title = Log out of your Atlassian account - Log in with Atlassian account]]>
    </line>
    <line>
      <![CDATA[URL = https://id.atlassian.com/logout?continue=https%3A%2F%2Ftrello.com%2Flogout%3Fdsc%3D1b5a3cb08c20c2b0ba5af86eefff4f9476a03c41ac5db37a41e205c18bf6eb14]]>
    </line>
    <line>
      <![CDATA[Title = Manage Your Team’s Projects From Anywhere | Trello]]>
    </line>
    <line>
      <![CDATA[URL = https://trello.com/home]]>
    </line>
    <line>
      <![CDATA[Title = Manage Your Team’s Projects From Anywhere | Trello]]>
    </line>
    <line>
      <![CDATA[Title = Manage Your Team’s Projects From Anywhere | Trello]]>
    </line>
    <line>
      <![CDATA[Title = Log in to Trello]]>
    </line>
    <line>
      <![CDATA[URL https://trello.com/login]]>
    </line>
  </reporter-output>
  <suite started-at="2023-06-19T18:41:56 IST" name="Default suite" finished-at="2023-06-19T18:46:09 IST" duration-ms="252455">
    <groups>
    </groups>
    <test started-at="2023-06-19T18:41:56 IST" name="Default test" finished-at="2023-06-19T18:46:09 IST" duration-ms="252455">
      <class name="com.trello.Project.endtoend.TrelloBoard">
        <test-method is-config="true" signature="configerBeforeMethod()[pri:0, instance:com.trello.Project.endtoend.TrelloBoard@35cabb2a]" started-at="2023-06-19T18:41:56 IST" name="configerBeforeMethod" finished-at="2023-06-19T18:42:12 IST" duration-ms="15136" status="PASS">
          <reporter-output>
          </reporter-output>
        </test-method> <!-- configerBeforeMethod -->
        <test-method signature="LoginInToTrello()[pri:0, instance:com.trello.Project.endtoend.TrelloBoard@35cabb2a]" started-at="2023-06-19T18:42:12 IST" name="LoginInToTrello" finished-at="2023-06-19T18:42:54 IST" duration-ms="42037" status="PASS">
          <reporter-output>
            <line>
              <![CDATA[Title = Manage Your Team’s Projects From Anywhere | Trello]]>
            </line>
            <line>
              <![CDATA[Title = Log in to Trello]]>
            </line>
            <line>
              <![CDATA[URL = https://trello.com/login]]>
            </line>
            <line>
              <![CDATA[Title = Log in to continue - Log in with Atlassian account]]>
            </line>
            <line>
              <![CDATA[URL https://id.atlassian.com/login?application=trello&continue=https%3A%2F%2Ftrello.com%2Fauth%2Fatlassian%2Fcallback%3FreturnUrl%3D%252F%26display%3DeyJ2ZXJpZmljYXRpb25TdHJhdGVneSI6InNvZnQifQ%253D%253D%26aaOnboarding%3D%26updateEmail%3D%26traceId%3D6490543351b4aaedf99f2eb5d24c82e7%26ssoVerified%3D&display=eyJ2ZXJpZmljYXRpb25TdHJhdGVneSI6InNvZnQifQ%3D%3D&email=lohith.n1997%40gmail.com&errorCode&login_hint=lohith.n1997%40gmail.com&restrict=true]]>
            </line>
            <line>
              <![CDATA[Title = Boards | Trello]]>
            </line>
            <line>
              <![CDATA[URL https://trello.com/u/lohithn1997/boards]]>
            </line>
            <line>
              <![CDATA[LOGOUT IS ENABLE]]>
            </line>
            <line>
              <![CDATA[Title = Log out of your Atlassian account - Log in with Atlassian account]]>
            </line>
            <line>
              <![CDATA[URL https://id.atlassian.com/logout?continue=https%3A%2F%2Ftrello.com%2Flogout%3Fdsc%3Df4e7d78ed5245859ba18017574c4d07c624723bf12f48af2e41e3df7c3e5c92c]]>
            </line>
            <line>
              <![CDATA[Title = Manage Your Team’s Projects From Anywhere | Trello]]>
            </line>
            <line>
              <![CDATA[URL = https://trello.com/home]]>
            </line>
          </reporter-output>
        </test-method> <!-- LoginInToTrello -->
        <test-method is-config="true" signature="configerAfterMethod()[pri:0, instance:com.trello.Project.endtoend.TrelloBoard@35cabb2a]" started-at="2023-06-19T18:42:54 IST" name="configerAfterMethod" finished-at="2023-06-19T18:42:55 IST" duration-ms="1216" status="PASS">
          <reporter-output>
          </reporter-output>
        </test-method> <!-- configerAfterMethod -->
        <test-method is-config="true" signature="configerBeforeMethod()[pri:0, instance:com.trello.Project.endtoend.TrelloBoard@35cabb2a]" started-at="2023-06-19T18:42:55 IST" name="configerBeforeMethod" finished-at="2023-06-19T18:43:02 IST" duration-ms="7454" status="PASS">
          <reporter-output>
          </reporter-output>
        </test-method> <!-- configerBeforeMethod -->
        <test-method signature="TrelloCreateAndDeleteBoard()[pri:0, instance:com.trello.Project.endtoend.TrelloBoard@35cabb2a]" started-at="2023-06-19T18:43:02 IST" name="TrelloCreateAndDeleteBoard" finished-at="2023-06-19T18:43:54 IST" duration-ms="51703" status="PASS">
          <reporter-output>
            <line>
              <![CDATA[Title = Manage Your Team’s Projects From Anywhere | Trello]]>
            </line>
            <line>
              <![CDATA[Title = Log in to Trello]]>
            </line>
            <line>
              <![CDATA[URL = https://trello.com/login]]>
            </line>
            <line>
              <![CDATA[Title = Log in to continue - Log in with Atlassian account]]>
            </line>
            <line>
              <![CDATA[URL = https://id.atlassian.com/login?application=trello&continue=https%3A%2F%2Ftrello.com%2Fauth%2Fatlassian%2Fcallback%3FreturnUrl%3D%252F%26display%3DeyJ2ZXJpZmljYXRpb25TdHJhdGVneSI6InNvZnQifQ%253D%253D%26aaOnboarding%3D%26updateEmail%3D%26traceId%3D64905466d8dd4af72c940d16936e39d3%26ssoVerified%3D&display=eyJ2ZXJpZmljYXRpb25TdHJhdGVneSI6InNvZnQifQ%3D%3D&email=lohith.n1997%40gmail.com&errorCode&login_hint=lohith.n1997%40gmail.com&restrict=true]]>
            </line>
            <line>
              <![CDATA[Title = Boards | Trello]]>
            </line>
            <line>
              <![CDATA[URL = https://trello.com/u/lohithn1997/boards]]>
            </line>
            <line>
              <![CDATA[LOGOUT IS ENABLE]]>
            </line>
            <line>
              <![CDATA[Create Board Button is Vissibale]]>
            </line>
            <line>
              <![CDATA[Title = lohith.N | Trello]]>
            </line>
            <line>
              <![CDATA[URL = https://trello.com/b/GwjQGUXm/lohithn]]>
            </line>
            <line>
              <![CDATA[Title = Log out of your Atlassian account - Log in with Atlassian account]]>
            </line>
            <line>
              <![CDATA[URL = https://id.atlassian.com/logout?continue=https%3A%2F%2Ftrello.com%2Flogout%3Fdsc%3D95c3f92a15a1b97d6c7ffffcfd1cf997c183eca9d3f8a6f5768d79677384e6f7]]>
            </line>
            <line>
              <![CDATA[Title = Manage Your Team’s Projects From Anywhere | Trello]]>
            </line>
            <line>
              <![CDATA[URL = https://trello.com/home]]>
            </line>
          </reporter-output>
        </test-method> <!-- TrelloCreateAndDeleteBoard -->
        <test-method is-config="true" signature="configerAfterMethod()[pri:0, instance:com.trello.Project.endtoend.TrelloBoard@35cabb2a]" started-at="2023-06-19T18:43:54 IST" name="configerAfterMethod" finished-at="2023-06-19T18:43:55 IST" duration-ms="1023" status="PASS">
          <reporter-output>
          </reporter-output>
        </test-method> <!-- configerAfterMethod -->
        <test-method is-config="true" signature="configerBeforeMethod()[pri:0, instance:com.trello.Project.endtoend.TrelloBoard@35cabb2a]" started-at="2023-06-19T18:43:55 IST" name="configerBeforeMethod" finished-at="2023-06-19T18:44:03 IST" duration-ms="7616" status="PASS">
          <reporter-output>
          </reporter-output>
        </test-method> <!-- configerBeforeMethod -->
        <test-method signature="TrelloCreateListAndSwapInCreatedBoard()[pri:0, instance:com.trello.Project.endtoend.TrelloBoard@35cabb2a]" started-at="2023-06-19T18:44:03 IST" name="TrelloCreateListAndSwapInCreatedBoard" finished-at="2023-06-19T18:44:56 IST" duration-ms="53040" status="PASS">
          <reporter-output>
            <line>
              <![CDATA[Title = Manage Your Team’s Projects From Anywhere | Trello]]>
            </line>
            <line>
              <![CDATA[Title = Log in to Trello]]>
            </line>
            <line>
              <![CDATA[URL = https://trello.com/login]]>
            </line>
            <line>
              <![CDATA[Title = Log in to continue - Log in with Atlassian account]]>
            </line>
            <line>
              <![CDATA[URL = https://id.atlassian.com/login?application=trello&continue=https%3A%2F%2Ftrello.com%2Fauth%2Fatlassian%2Fcallback%3FreturnUrl%3D%252F%26display%3DeyJ2ZXJpZmljYXRpb25TdHJhdGVneSI6InNvZnQifQ%253D%253D%26aaOnboarding%3D%26updateEmail%3D%26traceId%3D649054a1b8b256871d4fcbcdda1b13cc%26ssoVerified%3D&display=eyJ2ZXJpZmljYXRpb25TdHJhdGVneSI6InNvZnQifQ%3D%3D&email=lohith.n1997%40gmail.com&errorCode&login_hint=lohith.n1997%40gmail.com&restrict=true]]>
            </line>
            <line>
              <![CDATA[Title = Boards | Trello]]>
            </line>
            <line>
              <![CDATA[URL = https://trello.com/u/lohithn1997/boards]]>
            </line>
            <line>
              <![CDATA[LOGOUT IS ENABLE]]>
            </line>
            <line>
              <![CDATA[Create Board Button is Vissibale]]>
            </line>
            <line>
              <![CDATA[Title = Boards | Trello]]>
            </line>
            <line>
              <![CDATA[URL = https://trello.com/u/lohithn1997/boards]]>
            </line>
            <line>
              <![CDATA[Title = lohith.N | Trello]]>
            </line>
            <line>
              <![CDATA[Title = Log out of your Atlassian account - Log in with Atlassian account]]>
            </line>
            <line>
              <![CDATA[URL = https://id.atlassian.com/logout?continue=https%3A%2F%2Ftrello.com%2Flogout%3Fdsc%3Dcc1e7be2b3bb506d4eab30d48853ff2e7c4b68b8a73dc9d228864a1e186acaed]]>
            </line>
            <line>
              <![CDATA[Title = Manage Your Team’s Projects From Anywhere | Trello]]>
            </line>
            <line>
              <![CDATA[URL = https://trello.com/home]]>
            </line>
          </reporter-output>
        </test-method> <!-- TrelloCreateListAndSwapInCreatedBoard -->
        <test-method is-config="true" signature="configerAfterMethod()[pri:0, instance:com.trello.Project.endtoend.TrelloBoard@35cabb2a]" started-at="2023-06-19T18:44:56 IST" name="configerAfterMethod" finished-at="2023-06-19T18:44:57 IST" duration-ms="912" status="PASS">
          <reporter-output>
          </reporter-output>
        </test-method> <!-- configerAfterMethod -->
        <test-method is-config="true" signature="configerBeforeMethod()[pri:0, instance:com.trello.Project.endtoend.TrelloBoard@35cabb2a]" started-at="2023-06-19T18:44:57 IST" name="configerBeforeMethod" finished-at="2023-06-19T18:45:04 IST" duration-ms="7214" status="PASS">
          <reporter-output>
          </reporter-output>
        </test-method> <!-- configerBeforeMethod -->
        <test-method signature="TrelloCreateMultipleListAndSwapInCreatedBoard()[pri:0, instance:com.trello.Project.endtoend.TrelloBoard@35cabb2a]" started-at="2023-06-19T18:45:04 IST" name="TrelloCreateMultipleListAndSwapInCreatedBoard" finished-at="2023-06-19T18:45:46 IST" duration-ms="42555" status="PASS">
          <reporter-output>
            <line>
              <![CDATA[Title = Log in to Trello]]>
            </line>
            <line>
              <![CDATA[URL = https://trello.com/login]]>
            </line>
            <line>
              <![CDATA[Title = Log in to continue - Log in with Atlassian account]]>
            </line>
            <line>
              <![CDATA[URL = https://id.atlassian.com/login?application=trello&continue=https%3A%2F%2Ftrello.com%2Fauth%2Fatlassian%2Fcallback%3FreturnUrl%3D%252F%26display%3DeyJ2ZXJpZmljYXRpb25TdHJhdGVneSI6InNvZnQifQ%253D%253D%26aaOnboarding%3D%26updateEmail%3D%26traceId%3D649054dd5f52823c38cc7291587ce7d3%26ssoVerified%3D&display=eyJ2ZXJpZmljYXRpb25TdHJhdGVneSI6InNvZnQifQ%3D%3D&email=lohith.n1997%40gmail.com&errorCode&login_hint=lohith.n1997%40gmail.com&restrict=true]]>
            </line>
            <line>
              <![CDATA[Title = Boards | Trello]]>
            </line>
            <line>
              <![CDATA[URL = https://trello.com/u/lohithn1997/boards]]>
            </line>
            <line>
              <![CDATA[LOGOUT IS ENABLE]]>
            </line>
            <line>
              <![CDATA[Create Board Button is Vissibale]]>
            </line>
            <line>
              <![CDATA[Title = Boards | Trello]]>
            </line>
            <line>
              <![CDATA[URL = https://trello.com/u/lohithn1997/boards]]>
            </line>
            <line>
              <![CDATA[Title = lohith.N | Trello]]>
            </line>
            <line>
              <![CDATA[Title = Log out of your Atlassian account - Log in with Atlassian account]]>
            </line>
            <line>
              <![CDATA[URL = https://id.atlassian.com/logout?continue=https%3A%2F%2Ftrello.com%2Flogout%3Fdsc%3D1b5a3cb08c20c2b0ba5af86eefff4f9476a03c41ac5db37a41e205c18bf6eb14]]>
            </line>
            <line>
              <![CDATA[Title = Manage Your Team’s Projects From Anywhere | Trello]]>
            </line>
            <line>
              <![CDATA[URL = https://trello.com/home]]>
            </line>
          </reporter-output>
        </test-method> <!-- TrelloCreateMultipleListAndSwapInCreatedBoard -->
        <test-method is-config="true" signature="configerAfterMethod()[pri:0, instance:com.trello.Project.endtoend.TrelloBoard@35cabb2a]" started-at="2023-06-19T18:45:46 IST" name="configerAfterMethod" finished-at="2023-06-19T18:45:48 IST" duration-ms="1360" status="PASS">
          <reporter-output>
          </reporter-output>
        </test-method> <!-- configerAfterMethod -->
        <test-method is-config="true" signature="configerBeforeMethod()[pri:0, instance:com.trello.Project.endtoend.TrelloBoard@35cabb2a]" started-at="2023-06-19T18:45:48 IST" name="configerBeforeMethod" finished-at="2023-06-19T18:45:55 IST" duration-ms="7240" status="PASS">
          <reporter-output>
          </reporter-output>
        </test-method> <!-- configerBeforeMethod -->
        <test-method signature="TrelloHomePageCheck()[pri:0, instance:com.trello.Project.endtoend.TrelloBoard@35cabb2a]" started-at="2023-06-19T18:45:55 IST" name="TrelloHomePageCheck" finished-at="2023-06-19T18:45:55 IST" duration-ms="26" status="PASS">
          <reporter-output>
            <line>
              <![CDATA[Title = Manage Your Team’s Projects From Anywhere | Trello]]>
            </line>
          </reporter-output>
        </test-method> <!-- TrelloHomePageCheck -->
        <test-method is-config="true" signature="configerAfterMethod()[pri:0, instance:com.trello.Project.endtoend.TrelloBoard@35cabb2a]" started-at="2023-06-19T18:45:55 IST" name="configerAfterMethod" finished-at="2023-06-19T18:45:56 IST" duration-ms="749" status="PASS">
          <reporter-output>
          </reporter-output>
        </test-method> <!-- configerAfterMethod -->
        <test-method is-config="true" signature="configerBeforeMethod()[pri:0, instance:com.trello.Project.endtoend.TrelloBoard@35cabb2a]" started-at="2023-06-19T18:45:56 IST" name="configerBeforeMethod" finished-at="2023-06-19T18:46:03 IST" duration-ms="7094" status="PASS">
          <reporter-output>
          </reporter-output>
        </test-method> <!-- configerBeforeMethod -->
        <test-method signature="TrelloHomePagelogin()[pri:0, instance:com.trello.Project.endtoend.TrelloBoard@35cabb2a]" started-at="2023-06-19T18:46:03 IST" name="TrelloHomePagelogin" finished-at="2023-06-19T18:46:08 IST" duration-ms="4814" status="PASS">
          <reporter-output>
            <line>
              <![CDATA[Title = Manage Your Team’s Projects From Anywhere | Trello]]>
            </line>
            <line>
              <![CDATA[Title = Log in to Trello]]>
            </line>
            <line>
              <![CDATA[URL https://trello.com/login]]>
            </line>
          </reporter-output>
        </test-method> <!-- TrelloHomePagelogin -->
        <test-method is-config="true" signature="configerAfterMethod()[pri:0, instance:com.trello.Project.endtoend.TrelloBoard@35cabb2a]" started-at="2023-06-19T18:46:08 IST" name="configerAfterMethod" finished-at="2023-06-19T18:46:09 IST" duration-ms="1082" status="PASS">
          <reporter-output>
          </reporter-output>
        </test-method> <!-- configerAfterMethod -->
      </class> <!-- com.trello.Project.endtoend.TrelloBoard -->
    </test> <!-- Default test -->
  </suite> <!-- Default suite -->
</testng-results>
